Logfile initialized
[INFO] logfile = C:\Users\MARTIN\220\TiBH220\build.log
[DEBUG] C:\Users\MARTIN\AppData\Roaming\Titanium\mobilesdk\win32\3.1.2.GA\android\builder.py install TiBH220 C:\adt-bundle-windows-x86_64-20130729\sdk C:\Users\MARTIN\220\TiBH220 com.appc.tibh220 2
[INFO] Titanium SDK version: 3.1.2 (08/14/13 12:45 5ceaff8)
[DEBUG] Waiting for device to be ready ...
[TRACE] adb devices returned 1 devices/emulators
[DEBUG] Device connected... (waited 0 seconds)
[DEBUG] waited 0.013000 seconds on emulator to get ready
[DEBUG] com.appc.tibh220 installed? False
[INFO] Copying CommonJS modules...
[INFO] Copying project resources..
[INFO] Detected change in tiapp.xml, or assets deleted. Forcing full re-build...
[TRACE] COPYING CREATED FILE: C:\Users\MARTIN\220\TiBH220\Resources\android\default.png => C:\Users\MARTIN\220\TiBH220\build\android\bin\assets\Resources\default.png
[TRACE] COPYING CREATED FILE: C:\Users\MARTIN\220\TiBH220\Resources\app.js => C:\Users\MARTIN\220\TiBH220\build\android\bin\assets\Resources\app.js
[TRACE] COPYING CREATED FILE: C:\Users\MARTIN\220\TiBH220\Resources\appicon.png => C:\Users\MARTIN\220\TiBH220\build\android\bin\assets\Resources\appicon.png
[TRACE] COPYING CREATED FILE: C:\Users\MARTIN\220\TiBH220\Resources\appicon@2x.png => C:\Users\MARTIN\220\TiBH220\build\android\bin\assets\Resources\appicon@2x.png
[TRACE] COPYING CREATED FILE: C:\Users\MARTIN\220\TiBH220\Resources\images\burglar.png => C:\Users\MARTIN\220\TiBH220\build\android\bin\assets\Resources\images\burglar.png
[TRACE] COPYING CREATED FILE: C:\Users\MARTIN\220\TiBH220\Resources\images\captured.png => C:\Users\MARTIN\220\TiBH220\build\android\bin\assets\Resources\images\captured.png
[TRACE] COPYING CREATED FILE: C:\Users\MARTIN\220\TiBH220\Resources\images\fugitives.png => C:\Users\MARTIN\220\TiBH220\build\android\bin\assets\Resources\images\fugitives.png
[TRACE] COPYING CREATED FILE: C:\Users\MARTIN\220\TiBH220\Resources\images\grain.png => C:\Users\MARTIN\220\TiBH220\build\android\bin\assets\Resources\images\grain.png
[TRACE] COPYING CREATED FILE: C:\Users\MARTIN\220\TiBH220\Resources\images\KS_nav_ui.png => C:\Users\MARTIN\220\TiBH220\build\android\bin\assets\Resources\images\KS_nav_ui.png
[TRACE] COPYING CREATED FILE: C:\Users\MARTIN\220\TiBH220\Resources\images\KS_nav_views.png => C:\Users\MARTIN\220\TiBH220\build\android\bin\assets\Resources\images\KS_nav_views.png
[TRACE] COPYING CREATED FILE: C:\Users\MARTIN\220\TiBH220\Resources\ui\common\AddWindow.js => C:\Users\MARTIN\220\TiBH220\build\android\bin\assets\Resources\ui\common\AddWindow.js
[TRACE] COPYING CREATED FILE: C:\Users\MARTIN\220\TiBH220\Resources\ui\common\ApplicationTabGroup.js => C:\Users\MARTIN\220\TiBH220\build\android\bin\assets\Resources\ui\common\ApplicationTabGroup.js
[TRACE] COPYING CREATED FILE: C:\Users\MARTIN\220\TiBH220\Resources\ui\common\BountyTable.js => C:\Users\MARTIN\220\TiBH220\build\android\bin\assets\Resources\ui\common\BountyTable.js
[TRACE] COPYING CREATED FILE: C:\Users\MARTIN\220\TiBH220\Resources\ui\common\DetailWindow.js => C:\Users\MARTIN\220\TiBH220\build\android\bin\assets\Resources\ui\common\DetailWindow.js
[TRACE] COPYING CREATED FILE: C:\Users\MARTIN\220\TiBH220\Resources\ui\handheld\ApplicationWindow.js => C:\Users\MARTIN\220\TiBH220\build\android\bin\assets\Resources\ui\handheld\ApplicationWindow.js
[DEBUG] LiveView not enabled
[TRACE] Generating Java Classes
[DEBUG] Processing Android resource drawables
[DEBUG] app stylesheet => C:\Users\MARTIN\220\TiBH220\build\android\gen\com\appc\tibh220\ApplicationStylesheet.java
[DEBUG] copying app icon: C:\Users\MARTIN\220\TiBH220\build\android\bin\assets\Resources\appicon.png
[DEBUG] generating theme.xml
[DEBUG] found drawable-long-land-hdpi splash screen at C:\Users\MARTIN\220\TiBH220\Resources\android\images\res-long-land-hdpi\default.png
[DEBUG] copying C:\Users\MARTIN\220\TiBH220\Resources\android\images\res-long-land-hdpi\default.png splash screen to C:\Users\MARTIN\220\TiBH220\build\android\res\drawable-long-land-hdpi\background.png
[DEBUG] found drawable-long-land-ldpi splash screen at C:\Users\MARTIN\220\TiBH220\Resources\android\images\res-long-land-ldpi\default.png
[DEBUG] copying C:\Users\MARTIN\220\TiBH220\Resources\android\images\res-long-land-ldpi\default.png splash screen to C:\Users\MARTIN\220\TiBH220\build\android\res\drawable-long-land-ldpi\background.png
[DEBUG] found drawable-long-port-hdpi splash screen at C:\Users\MARTIN\220\TiBH220\Resources\android\images\res-long-port-hdpi\default.png
[DEBUG] copying C:\Users\MARTIN\220\TiBH220\Resources\android\images\res-long-port-hdpi\default.png splash screen to C:\Users\MARTIN\220\TiBH220\build\android\res\drawable-long-port-hdpi\background.png
[DEBUG] found drawable-long-port-ldpi splash screen at C:\Users\MARTIN\220\TiBH220\Resources\android\images\res-long-port-ldpi\default.png
[DEBUG] copying C:\Users\MARTIN\220\TiBH220\Resources\android\images\res-long-port-ldpi\default.png splash screen to C:\Users\MARTIN\220\TiBH220\build\android\res\drawable-long-port-ldpi\background.png
[DEBUG] found drawable-notlong-land-hdpi splash screen at C:\Users\MARTIN\220\TiBH220\Resources\android\images\res-notlong-land-hdpi\default.png
[DEBUG] copying C:\Users\MARTIN\220\TiBH220\Resources\android\images\res-notlong-land-hdpi\default.png splash screen to C:\Users\MARTIN\220\TiBH220\build\android\res\drawable-notlong-land-hdpi\background.png
[DEBUG] found drawable-notlong-land-ldpi splash screen at C:\Users\MARTIN\220\TiBH220\Resources\android\images\res-notlong-land-ldpi\default.png
[DEBUG] copying C:\Users\MARTIN\220\TiBH220\Resources\android\images\res-notlong-land-ldpi\default.png splash screen to C:\Users\MARTIN\220\TiBH220\build\android\res\drawable-notlong-land-ldpi\background.png
[DEBUG] found drawable-notlong-land-mdpi splash screen at C:\Users\MARTIN\220\TiBH220\Resources\android\images\res-notlong-land-mdpi\default.png
[DEBUG] copying C:\Users\MARTIN\220\TiBH220\Resources\android\images\res-notlong-land-mdpi\default.png splash screen to C:\Users\MARTIN\220\TiBH220\build\android\res\drawable-notlong-land-mdpi\background.png
[DEBUG] found drawable-notlong-port-hdpi splash screen at C:\Users\MARTIN\220\TiBH220\Resources\android\images\res-notlong-port-hdpi\default.png
[DEBUG] copying C:\Users\MARTIN\220\TiBH220\Resources\android\images\res-notlong-port-hdpi\default.png splash screen to C:\Users\MARTIN\220\TiBH220\build\android\res\drawable-notlong-port-hdpi\background.png
[DEBUG] found drawable-notlong-port-ldpi splash screen at C:\Users\MARTIN\220\TiBH220\Resources\android\images\res-notlong-port-ldpi\default.png
[DEBUG] copying C:\Users\MARTIN\220\TiBH220\Resources\android\images\res-notlong-port-ldpi\default.png splash screen to C:\Users\MARTIN\220\TiBH220\build\android\res\drawable-notlong-port-ldpi\background.png
[DEBUG] found drawable-notlong-port-mdpi splash screen at C:\Users\MARTIN\220\TiBH220\Resources\android\images\res-notlong-port-mdpi\default.png
[DEBUG] copying C:\Users\MARTIN\220\TiBH220\Resources\android\images\res-notlong-port-mdpi\default.png splash screen to C:\Users\MARTIN\220\TiBH220\build\android\res\drawable-notlong-port-mdpi\background.png
[DEBUG] found splash screen at C:\Users\MARTIN\220\TiBH220\build\android\bin\assets\Resources\default.png
[TRACE] Writing out AndroidManifest.xml
[DEBUG] adding C:\Users\MARTIN\220\TiBH220\build\android\gen\com\appc\tibh220\ApplicationStylesheet.java to javac build list
[DEBUG] adding C:\Users\MARTIN\220\TiBH220\build\android\gen\com\appc\tibh220\R.java to javac build list
[DEBUG] adding C:\Users\MARTIN\220\TiBH220\build\android\gen\com\appc\tibh220\Tibh220Activity.java to javac build list
[DEBUG] adding C:\Users\MARTIN\220\TiBH220\build\android\gen\com\appc\tibh220\Tibh220AppInfo.java to javac build list
[DEBUG] adding C:\Users\MARTIN\220\TiBH220\build\android\gen\com\appc\tibh220\Tibh220Application.java to javac build list
[DEBUG] Building Java Sources: "C:\\Users\\MARTIN\\220\\TiBH220\\build\\android\\gen\\com\\appc\\tibh220\\ApplicationStylesheet.java" "C:\\Users\\MARTIN\\220\\TiBH220\\build\\android\\gen\\com\\appc\\tibh220\\R.java" "C:\\Users\\MARTIN\\220\\TiBH220\\build\\android\\gen\\com\\appc\\tibh220\\Tibh220Activity.java" "C:\\Users\\MARTIN\\220\\TiBH220\\build\\android\\gen\\com\\appc\\tibh220\\Tibh220AppInfo.java" "C:\\Users\\MARTIN\\220\\TiBH220\\build\\android\\gen\\com\\appc\\tibh220\\Tibh220Application.java"
[INFO] Compiling Android Resources... This could take some time
[DEBUG] Android classes.dex built
[DEBUG] creating unsigned apk: C:\Users\MARTIN\220\TiBH220\build\android\bin\app-unsigned.apk
[DEBUG] from resource zip => assets/Resources/images/KS_nav_ui.png
[DEBUG] from resource zip => assets/Resources/images/KS_nav_views.png
[DEBUG] from resource zip => assets/Resources/images/burglar.png
[DEBUG] from resource zip => assets/Resources/images/captured.png
[DEBUG] from resource zip => assets/Resources/images/fugitives.png
[DEBUG] from resource zip => assets/Resources/images/grain.png
[DEBUG] from resource zip => assets/Resources/ui/common/AddWindow.js
[DEBUG] from resource zip => assets/Resources/ui/common/ApplicationTabGroup.js
[DEBUG] from resource zip => assets/Resources/ui/common/BountyTable.js
[DEBUG] from resource zip => assets/Resources/ui/common/DetailWindow.js
[DEBUG] from resource zip => assets/Resources/ui/handheld/ApplicationWindow.js
[DEBUG] from resource zip => assets/Resources/app.js
[DEBUG] from resource zip => assets/Resources/appicon.png
[DEBUG] from resource zip => assets/Resources/appicon@2x.png
[DEBUG] from resource zip => assets/Resources/default.png
[DEBUG] from resource zip => assets/app.json
[DEBUG] from resource zip => assets/index.json
[DEBUG] from resource zip => res/drawable/appicon.png
[DEBUG] from resource zip => res/drawable/background.png
[DEBUG] from resource zip => res/drawable/btn_check_buttonless_on_64.png
[DEBUG] from resource zip => res/drawable/btn_more_64.png
[DEBUG] from resource zip => res/drawable/disclosure_64.png
[DEBUG] from resource zip => res/layout/titanium_tabgroup.xml
[DEBUG] from resource zip => res/layout/titanium_ui_list_header_or_footer.xml
[DEBUG] from resource zip => res/layout/titanium_ui_list_item.xml
[DEBUG] from resource zip => AndroidManifest.xml
[DEBUG] from resource zip => resources.arsc
[DEBUG] from resource zip => res/drawable-long-land-hdpi/background.png
[DEBUG] from resource zip => res/drawable-long-land-ldpi/background.png
[DEBUG] from resource zip => res/drawable-long-port-hdpi/background.png
[DEBUG] from resource zip => res/drawable-long-port-ldpi/background.png
[DEBUG] from resource zip => res/drawable-notlong-land-hdpi/background.png
[DEBUG] from resource zip => res/drawable-notlong-land-ldpi/background.png
[DEBUG] from resource zip => res/drawable-notlong-land-mdpi/background.png
[DEBUG] from resource zip => res/drawable-notlong-port-hdpi/background.png
[DEBUG] from resource zip => res/drawable-notlong-port-ldpi/background.png
[DEBUG] from resource zip => res/drawable-notlong-port-mdpi/background.png
[DEBUG] from JAR C:\Users\MARTIN\AppData\Roaming\Titanium\mobilesdk\win32\3.1.2.GA\android\titanium.jar => org/appcelerator/titanium/build.properties
[DEBUG] from JAR C:\Users\MARTIN\AppData\Roaming\Titanium\mobilesdk\win32\3.1.2.GA\android\titanium.jar => org/appcelerator/titanium/res/drawable/background.png
[DEBUG] from JAR C:\Users\MARTIN\AppData\Roaming\Titanium\mobilesdk\win32\3.1.2.GA\android\titanium.jar => org/appcelerator/titanium/res/drawable/btn_check_buttonless_on.png
[DEBUG] from JAR C:\Users\MARTIN\AppData\Roaming\Titanium\mobilesdk\win32\3.1.2.GA\android\titanium.jar => org/appcelerator/titanium/res/drawable/btn_check_buttonless_on_18.png
[DEBUG] from JAR C:\Users\MARTIN\AppData\Roaming\Titanium\mobilesdk\win32\3.1.2.GA\android\titanium.jar => org/appcelerator/titanium/res/drawable/btn_check_buttonless_on_48.png
[DEBUG] from JAR C:\Users\MARTIN\AppData\Roaming\Titanium\mobilesdk\win32\3.1.2.GA\android\titanium.jar => org/appcelerator/titanium/res/drawable/btn_check_buttonless_on_64.png
[DEBUG] from JAR C:\Users\MARTIN\AppData\Roaming\Titanium\mobilesdk\win32\3.1.2.GA\android\titanium.jar => org/appcelerator/titanium/res/drawable/btn_more.png
[DEBUG] from JAR C:\Users\MARTIN\AppData\Roaming\Titanium\mobilesdk\win32\3.1.2.GA\android\titanium.jar => org/appcelerator/titanium/res/drawable/btn_more_18.png
[DEBUG] from JAR C:\Users\MARTIN\AppData\Roaming\Titanium\mobilesdk\win32\3.1.2.GA\android\titanium.jar => org/appcelerator/titanium/res/drawable/btn_more_48.png
[DEBUG] from JAR C:\Users\MARTIN\AppData\Roaming\Titanium\mobilesdk\win32\3.1.2.GA\android\titanium.jar => org/appcelerator/titanium/res/drawable/btn_more_64.png
[DEBUG] from JAR C:\Users\MARTIN\AppData\Roaming\Titanium\mobilesdk\win32\3.1.2.GA\android\titanium.jar => org/appcelerator/titanium/res/drawable/btn_picker_normal.9.png
[DEBUG] from JAR C:\Users\MARTIN\AppData\Roaming\Titanium\mobilesdk\win32\3.1.2.GA\android\titanium.jar => org/appcelerator/titanium/res/drawable/btn_picker_pressed.9.png
[DEBUG] from JAR C:\Users\MARTIN\AppData\Roaming\Titanium\mobilesdk\win32\3.1.2.GA\android\titanium.jar => org/appcelerator/titanium/res/drawable/btn_picker_selected.9.png
[DEBUG] from JAR C:\Users\MARTIN\AppData\Roaming\Titanium\mobilesdk\win32\3.1.2.GA\android\titanium.jar => org/appcelerator/titanium/res/drawable/default_icon.png
[DEBUG] from JAR C:\Users\MARTIN\AppData\Roaming\Titanium\mobilesdk\win32\3.1.2.GA\android\titanium.jar => org/appcelerator/titanium/res/drawable/photoDefault.png
[DEBUG] from JAR C:\Users\MARTIN\AppData\Roaming\Titanium\mobilesdk\win32\3.1.2.GA\android\modules\titanium-ui.jar => ti/modules/titanium/ui/widget/webview/binding.js
[DEBUG] from JAR C:\Users\MARTIN\AppData\Roaming\Titanium\mobilesdk\win32\3.1.2.GA\android\modules\titanium-ui.jar => ti/modules/titanium/ui/widget/webview/binding.min.js
[DEBUG] from JAR C:\Users\MARTIN\AppData\Roaming\Titanium\mobilesdk\win32\3.1.2.GA\android\modules\titanium-ui.jar => ti/modules/titanium/ui/widget/webview/json2.js
[DEBUG] from JAR C:\Users\MARTIN\AppData\Roaming\Titanium\mobilesdk\win32\3.1.2.GA\android\modules\titanium-ui.jar => ti/modules/titanium/ui/widget/webview/polling.js
[DEBUG] from JAR C:\Users\MARTIN\AppData\Roaming\Titanium\mobilesdk\win32\3.1.2.GA\android\modules\titanium-ui.jar => ti/modules/titanium/ui/widget/webview/polling.min.js
[DEBUG] installing native SDK libs
[DEBUG] Waiting for device to be ready ...
[TRACE] adb devices returned 1 devices/emulators
[DEBUG] Device connected... (waited 0 seconds)
[DEBUG] waited 0.013000 seconds on emulator to get ready
[INFO] Installing application on device
[INFO] Application installed. Launch from drawer on Home Screen
